Arguments: 
  /usr/local/bin/node /usr/local/Cellar/yarn/1.16.0/libexec/bin/yarn.js add electron-builder --save-dev

PATH: 
  /Users/harman/.npm-global/bin:/usr/local/bin:/usr/bin:/bin:/usr/sbin:/sbin

Yarn version: 
  1.16.0

Node version: 
  10.16.0

Platform: 
  darwin x64

Trace: 
  SyntaxError: /Users/harman/Desktop/finance-app/package.json: Unexpected end of JSON input
      at JSON.parse (<anonymous>)
      at /usr/local/Cellar/yarn/1.16.0/libexec/lib/cli.js:1625:59
      at Generator.next (<anonymous>)
      at step (/usr/local/Cellar/yarn/1.16.0/libexec/lib/cli.js:304:30)
      at /usr/local/Cellar/yarn/1.16.0/libexec/lib/cli.js:315:13

npm manifest: 
  {
    "name": "finance-app",
    "version": "1.0.0",
    "description": "",
    "main": "main.js",
    "scripts": {
      "start": "electron .",
      "pack": "electron-builder --dir",
      "dist": "electron-builder"
    },
    "build": {
      "appId": "com.Finance.app",
      "mac": {
        "category": "harman.finance.finance.type"
      },
    "keywords": [],
    "author": "",
    "license": "ISC",
    "devDependencies": {
      "electron": "^5.0.6"
    }
  }

yarn manifest: 
  No manifest

Lockfile: 
  No lockfile
